# JRE version: OpenJDK Runtime Environment Temurin-21.0.8+9 (21.0.8+9) (build 21.0.8+9-LTS)
# Java VM: OpenJDK 64-Bit Server VM Temurin-21.0.8+9 (21.0.8+9-LTS, mixed mode, sharing, tiered, compressed oops, compressed class ptrs, parallel gc, windows-amd64)
GC Precious Log:
 CardTable entry size: 512
 CPUs: 4 total, 4 available
 Memory: 16277M
 Large Page Support: Disabled
 NUMA Support: Disabled
 Compressed Oops: Enabled (32-bit)
 Alignments: Space 512K, Generation 512K, Heap 2M
 Heap Min Capacity: 100M
 Heap Initial Capacity: 100M
 Heap Max Capacity: 2G
 Pre-touch: Disabled
 Parallel Workers: 4
Heap:
 PSYoungGen      total 4096K, used 3909K [0x00000000d5580000, 0x00000000d6080000, 0x0000000100000000)
  eden space 2560K, 93% used [0x00000000d5580000,0x00000000d57d6040,0x00000000d5800000)
  from space 1536K, 98% used [0x00000000d5800000,0x00000000d597b400,0x00000000d5980000)
  to   space 4096K, 0% used [0x00000000d5c80000,0x00000000d5c80000,0x00000000d6080000)
 ParOldGen       total 1398272K, used 1397867K [0x0000000080000000, 0x00000000d5580000, 0x00000000d5580000)
  object space 1398272K, 99% used [0x0000000080000000,0x00000000d551acf0,0x00000000d5580000)
 Metaspace       used 98035K, committed 99712K, reserved 1179648K
  class space    used 9909K, committed 10688K, reserved 1048576K
GC Heap History (20 events):
Event: 5584.963 GC heap after
{Heap after GC invocations=2305 (full 5):
 PSYoungGen      total 3584K, used 995K [0x00000000d5580000, 0x00000000d5e80000, 0x0000000100000000)
  eden space 2560K, 0% used [0x00000000d5580000,0x00000000d5580000,0x00000000d5800000)
  from space 1024K, 97% used [0x00000000d5a80000,0x00000000d5b78cc8,0x00000000d5b80000)
  to   space 2560K, 0% used [0x00000000d5800000,0x00000000d5800000,0x00000000d5a80000)
 ParOldGen       total 1363456K, used 1362678K [0x0000000080000000, 0x00000000d3380000, 0x00000000d5580000)
  object space 1363456K, 99% used [0x0000000080000000,0x00000000d32bd810,0x00000000d3380000)
 Metaspace       used 98029K, committed 99712K, reserved 1179648K
  class space    used 9909K, committed 10688K, reserved 1048576K
}
Event: 5584.983 GC heap before
{Heap before GC invocations=2306 (full 5):
 PSYoungGen      total 3584K, used 3555K [0x00000000d5580000, 0x00000000d5e80000, 0x0000000100000000)
  eden space 2560K, 100% used [0x00000000d5580000,0x00000000d5800000,0x00000000d5800000)
  from space 1024K, 97% used [0x00000000d5a80000,0x00000000d5b78cc8,0x00000000d5b80000)
  to   space 2560K, 0% used [0x00000000d5800000,0x00000000d5800000,0x00000000d5a80000)
 ParOldGen       total 1363456K, used 1362678K [0x0000000080000000, 0x00000000d3380000, 0x00000000d5580000)
  object space 1363456K, 99% used [0x0000000080000000,0x00000000d32bd810,0x00000000d3380000)
 Metaspace       used 98029K, committed 99712K, reserved 1179648K
  class space    used 9909K, committed 10688K, reserved 1048576K
}
Event: 5584.989 GC heap after
{Heap after GC invocations=2306 (full 5):
 PSYoungGen      total 5120K, used 2560K [0x00000000d5580000, 0x00000000d6000000, 0x0000000100000000)
  eden space 2560K, 0% used [0x00000000d5580000,0x00000000d5580000,0x00000000d5800000)
  from space 2560K, 100% used [0x00000000d5800000,0x00000000d5a80000,0x00000000d5a80000)
  to   space 4096K, 0% used [0x00000000d5c00000,0x00000000d5c00000,0x00000000d6000000)
 ParOldGen       total 1364480K, used 1363657K [0x0000000080000000, 0x00000000d3480000, 0x00000000d5580000)
  object space 1364480K, 99% used [0x0000000080000000,0x00000000d33b24e8,0x00000000d3480000)
 Metaspace       used 98029K, committed 99712K, reserved 1179648K
  class space    used 9909K, committed 10688K, reserved 1048576K
}
Event: 5585.008 GC heap before
{Heap before GC invocations=2307 (full 5):
 PSYoungGen      total 5120K, used 5120K [0x00000000d5580000, 0x00000000d6000000, 0x0000000100000000)
  eden space 2560K, 100% used [0x00000000d5580000,0x00000000d5800000,0x00000000d5800000)
  from space 2560K, 100% used [0x00000000d5800000,0x00000000d5a80000,0x00000000d5a80000)
  to   space 4096K, 0% used [0x00000000d5c00000,0x00000000d5c00000,0x00000000d6000000)
 ParOldGen       total 1364480K, used 1363657K [0x0000000080000000, 0x00000000d3480000, 0x00000000d5580000)
  object space 1364480K, 99% used [0x0000000080000000,0x00000000d33b24e8,0x00000000d3480000)
 Metaspace       used 98029K, committed 99712K, reserved 1179648K
  class space    used 9909K, committed 10688K, reserved 1048576K
}
Event: 5585.017 GC heap after
{Heap after GC invocations=2307 (full 5):
 PSYoungGen      total 5632K, used 2592K [0x00000000d5580000, 0x00000000d5f00000, 0x0000000100000000)
  eden space 2560K, 0% used [0x00000000d5580000,0x00000000d5580000,0x00000000d5800000)
  from space 3072K, 84% used [0x00000000d5c00000,0x00000000d5e88000,0x00000000d5f00000)
  to   space 3072K, 0% used [0x00000000d5900000,0x00000000d5900000,0x00000000d5c00000)
 ParOldGen       total 1366528K, used 1366217K [0x0000000080000000, 0x00000000d3680000, 0x00000000d5580000)
  object space 1366528K, 99% used [0x0000000080000000,0x00000000d36324e8,0x00000000d3680000)
 Metaspace       used 98029K, committed 99712K, reserved 1179648K
  class space    used 9909K, committed 10688K, reserved 1048576K
}
Event: 5585.066 GC heap before
{Heap before GC invocations=2308 (full 5):
 PSYoungGen      total 5632K, used 5152K [0x00000000d5580000, 0x00000000d5f00000, 0x0000000100000000)
  eden space 2560K, 100% used [0x00000000d5580000,0x00000000d5800000,0x00000000d5800000)
  from space 3072K, 84% used [0x00000000d5c00000,0x00000000d5e88000,0x00000000d5f00000)
  to   space 3072K, 0% used [0x00000000d5900000,0x00000000d5900000,0x00000000d5c00000)
 ParOldGen       total 1366528K, used 1366217K [0x0000000080000000, 0x00000000d3680000, 0x00000000d5580000)
  object space 1366528K, 99% used [0x0000000080000000,0x00000000d36324e8,0x00000000d3680000)
 Metaspace       used 98033K, committed 99712K, reserved 1179648K
  class space    used 9909K, committed 10688K, reserved 1048576K
}
Event: 5585.075 GC heap after
{Heap after GC invocations=2308 (full 5):
 PSYoungGen      total 5120K, used 2176K [0x00000000d5580000, 0x00000000d5d00000, 0x0000000100000000)
  eden space 2560K, 0% used [0x00000000d5580000,0x00000000d5580000,0x00000000d5800000)
  from space 2560K, 85% used [0x00000000d5900000,0x00000000d5b20000,0x00000000d5b80000)
  to   space 1536K, 0% used [0x00000000d5b80000,0x00000000d5b80000,0x00000000d5d00000)
 ParOldGen       total 1369088K, used 1368769K [0x0000000080000000, 0x00000000d3900000, 0x00000000d5580000)
  object space 1369088K, 99% used [0x0000000080000000,0x00000000d38b04e8,0x00000000d3900000)
 Metaspace       used 98033K, committed 99712K, reserved 1179648K
  class space    used 9909K, committed 10688K, reserved 1048576K
}
Event: 5585.103 GC heap before
{Heap before GC invocations=2309 (full 5):
 PSYoungGen      total 5120K, used 4736K [0x00000000d5580000, 0x00000000d5d00000, 0x0000000100000000)
  eden space 2560K, 100% used [0x00000000d5580000,0x00000000d5800000,0x00000000d5800000)
  from space 2560K, 85% used [0x00000000d5900000,0x00000000d5b20000,0x00000000d5b80000)
  to   space 1536K, 0% used [0x00000000d5b80000,0x00000000d5b80000,0x00000000d5d00000)
 ParOldGen       total 1369088K, used 1368769K [0x0000000080000000, 0x00000000d3900000, 0x00000000d5580000)
  object space 1369088K, 99% used [0x0000000080000000,0x00000000d38b04e8,0x00000000d3900000)
 Metaspace       used 98033K, committed 99712K, reserved 1179648K
  class space    used 9909K, committed 10688K, reserved 1048576K
}
Event: 5585.108 GC heap after
{Heap after GC invocations=2309 (full 5):
 PSYoungGen      total 3072K, used 1525K [0x00000000d5580000, 0x00000000d6100000, 0x0000000100000000)
  eden space 1536K, 0% used [0x00000000d5580000,0x00000000d5580000,0x00000000d5700000)
  from space 1536K, 99% used [0x00000000d5b80000,0x00000000d5cfd4c0,0x00000000d5d00000)
  to   space 4608K, 0% used [0x00000000d5700000,0x00000000d5700000,0x00000000d5b80000)
 ParOldGen       total 1371648K, used 1371294K [0x0000000080000000, 0x00000000d3b80000, 0x00000000d5580000)
  object space 1371648K, 99% used [0x0000000080000000,0x00000000d3b27a28,0x00000000d3b80000)
 Metaspace       used 98033K, committed 99712K, reserved 1179648K
  class space    used 9909K, committed 10688K, reserved 1048576K
}
Event: 5585.120 GC heap before
{Heap before GC invocations=2310 (full 5):
 PSYoungGen      total 3072K, used 3061K [0x00000000d5580000, 0x00000000d6100000, 0x0000000100000000)
  eden space 1536K, 100% used [0x00000000d5580000,0x00000000d5700000,0x00000000d5700000)
  from space 1536K, 99% used [0x00000000d5b80000,0x00000000d5cfd4c0,0x00000000d5d00000)
  to   space 4608K, 0% used [0x00000000d5700000,0x00000000d5700000,0x00000000d5b80000)
 ParOldGen       total 1371648K, used 1371294K [0x0000000080000000, 0x00000000d3b80000, 0x00000000d5580000)
  object space 1371648K, 99% used [0x0000000080000000,0x00000000d3b27a28,0x00000000d3b80000)
 Metaspace       used 98033K, committed 99712K, reserved 1179648K
  class space    used 9909K, committed 10688K, reserved 1048576K
}
Event: 5585.124 GC heap after
{Heap after GC invocations=2310 (full 5):
 PSYoungGen      total 3072K, used 1397K [0x00000000d5580000, 0x00000000d5c00000, 0x0000000100000000)
  eden space 1536K, 0% used [0x00000000d5580000,0x00000000d5580000,0x00000000d5700000)
  from space 1536K, 91% used [0x00000000d5700000,0x00000000d585d7c0,0x00000000d5880000)
  to   space 2560K, 0% used [0x00000000d5980000,0x00000000d5980000,0x00000000d5c00000)
 ParOldGen       total 1373184K, used 1372834K [0x0000000080000000, 0x00000000d3d00000, 0x00000000d5580000)
  object space 1373184K, 99% used [0x0000000080000000,0x00000000d3ca8828,0x00000000d3d00000)
 Metaspace       used 98033K, committed 99712K, reserved 1179648K
  class space    used 9909K, committed 10688K, reserved 1048576K
}
Event: 5585.134 GC heap before
{Heap before GC invocations=2311 (full 5):
 PSYoungGen      total 3072K, used 2933K [0x00000000d5580000, 0x00000000d5c00000, 0x0000000100000000)
  eden space 1536K, 100% used [0x00000000d5580000,0x00000000d5700000,0x00000000d5700000)
  from space 1536K, 91% used [0x00000000d5700000,0x00000000d585d7c0,0x00000000d5880000)
  to   space 2560K, 0% used [0x00000000d5980000,0x00000000d5980000,0x00000000d5c00000)
 ParOldGen       total 1373184K, used 1372834K [0x0000000080000000, 0x00000000d3d00000, 0x00000000d5580000)
  object space 1373184K, 99% used [0x0000000080000000,0x00000000d3ca8828,0x00000000d3d00000)
 Metaspace       used 98033K, committed 99712K, reserved 1179648K
  class space    used 9909K, committed 10688K, reserved 1048576K
}
Event: 5585.138 GC heap after
{Heap after GC invocations=2311 (full 5):
 PSYoungGen      total 4096K, used 1406K [0x00000000d5580000, 0x00000000d5b80000, 0x0000000100000000)
  eden space 2048K, 0% used [0x00000000d5580000,0x00000000d5580000,0x00000000d5780000)
  from space 2048K, 68% used [0x00000000d5980000,0x00000000d5adf990,0x00000000d5b80000)
  to   space 2048K, 0% used [0x00000000d5780000,0x00000000d5780000,0x00000000d5980000)
 ParOldGen       total 1374208K, used 1374187K [0x0000000080000000, 0x00000000d3e00000, 0x00000000d5580000)
  object space 1374208K, 99% used [0x0000000080000000,0x00000000d3dfae70,0x00000000d3e00000)
 Metaspace       used 98033K, committed 99712K, reserved 1179648K
  class space    used 9909K, committed 10688K, reserved 1048576K
}
Event: 5585.143 GC heap before
{Heap before GC invocations=2312 (full 5):
 PSYoungGen      total 4096K, used 3454K [0x00000000d5580000, 0x00000000d5b80000, 0x0000000100000000)
  eden space 2048K, 100% used [0x00000000d5580000,0x00000000d5780000,0x00000000d5780000)
  from space 2048K, 68% used [0x00000000d5980000,0x00000000d5adf990,0x00000000d5b80000)
  to   space 2048K, 0% used [0x00000000d5780000,0x00000000d5780000,0x00000000d5980000)
 ParOldGen       total 1374208K, used 1374187K [0x0000000080000000, 0x00000000d3e00000, 0x00000000d5580000)
  object space 1374208K, 99% used [0x0000000080000000,0x00000000d3dfae70,0x00000000d3e00000)
 Metaspace       used 98033K, committed 99712K, reserved 1179648K
  class space    used 9909K, committed 10688K, reserved 1048576K
}
Event: 5585.147 GC heap after
{Heap after GC invocations=2312 (full 5):
 PSYoungGen      total 4096K, used 1344K [0x00000000d5580000, 0x00000000d5b00000, 0x0000000100000000)
  eden space 2048K, 0% used [0x00000000d5580000,0x00000000d5580000,0x00000000d5780000)
  from space 2048K, 65% used [0x00000000d5780000,0x00000000d58d0000,0x00000000d5980000)
  to   space 1536K, 0% used [0x00000000d5980000,0x00000000d5980000,0x00000000d5b00000)
 ParOldGen       total 1375744K, used 1375547K [0x0000000080000000, 0x00000000d3f80000, 0x00000000d5580000)
  object space 1375744K, 99% used [0x0000000080000000,0x00000000d3f4ecd0,0x00000000d3f80000)
 Metaspace       used 98033K, committed 99712K, reserved 1179648K
  class space    used 9909K, committed 10688K, reserved 1048576K
}
Event: 5585.153 GC heap before
{Heap before GC invocations=2313 (full 5):
 PSYoungGen      total 4096K, used 3392K [0x00000000d5580000, 0x00000000d5b00000, 0x0000000100000000)
  eden space 2048K, 100% used [0x00000000d5580000,0x00000000d5780000,0x00000000d5780000)
  from space 2048K, 65% used [0x00000000d5780000,0x00000000d58d0000,0x00000000d5980000)
  to   space 1536K, 0% used [0x00000000d5980000,0x00000000d5980000,0x00000000d5b00000)
 ParOldGen       total 1375744K, used 1375547K [0x0000000080000000, 0x00000000d3f80000, 0x00000000d5580000)
  object space 1375744K, 99% used [0x0000000080000000,0x00000000d3f4ecd0,0x00000000d3f80000)
 Metaspace       used 98033K, committed 99712K, reserved 1179648K
  class space    used 9909K, committed 10688K, reserved 1048576K
}
Event: 5585.157 GC heap after
{Heap after GC invocations=2313 (full 5):
 PSYoungGen      total 4096K, used 1216K [0x00000000d5580000, 0x00000000d5b00000, 0x0000000100000000)
  eden space 2560K, 0% used [0x00000000d5580000,0x00000000d5580000,0x00000000d5800000)
  from space 1536K, 79% used [0x00000000d5980000,0x00000000d5ab0000,0x00000000d5b00000)
  to   space 1536K, 0% used [0x00000000d5800000,0x00000000d5800000,0x00000000d5980000)
 ParOldGen       total 1377280K, used 1376827K [0x0000000080000000, 0x00000000d4100000, 0x00000000d5580000)
  object space 1377280K, 99% used [0x0000000080000000,0x00000000d408ecd0,0x00000000d4100000)
 Metaspace       used 98033K, committed 99712K, reserved 1179648K
  class space    used 9909K, committed 10688K, reserved 1048576K
}
Event: 5585.173 GC heap before
{Heap before GC invocations=2314 (full 5):
 PSYoungGen      total 4096K, used 3776K [0x00000000d5580000, 0x00000000d5b00000, 0x0000000100000000)
  eden space 2560K, 100% used [0x00000000d5580000,0x00000000d5800000,0x00000000d5800000)
  from space 1536K, 79% used [0x00000000d5980000,0x00000000d5ab0000,0x00000000d5b00000)
  to   space 1536K, 0% used [0x00000000d5800000,0x00000000d5800000,0x00000000d5980000)
 ParOldGen       total 1377280K, used 1376827K [0x0000000080000000, 0x00000000d4100000, 0x00000000d5580000)
  object space 1377280K, 99% used [0x0000000080000000,0x00000000d408ecd0,0x00000000d4100000)
 Metaspace       used 98033K, committed 99712K, reserved 1179648K
  class space    used 9909K, committed 10688K, reserved 1048576K
}
Event: 5585.179 GC heap after
{Heap after GC invocations=2314 (full 5):
 PSYoungGen      total 4096K, used 1517K [0x00000000d5580000, 0x00000000d6080000, 0x0000000100000000)
  eden space 2560K, 0% used [0x00000000d5580000,0x00000000d5580000,0x00000000d5800000)
  from space 1536K, 98% used [0x00000000d5800000,0x00000000d597b400,0x00000000d5980000)
  to   space 4096K, 0% used [0x00000000d5c80000,0x00000000d5c80000,0x00000000d6080000)
 ParOldGen       total 1378816K, used 1378667K [0x0000000080000000, 0x00000000d4280000, 0x00000000d5580000)
  object space 1378816K, 99% used [0x0000000080000000,0x00000000d425acd0,0x00000000d4280000)
 Metaspace       used 98033K, committed 99712K, reserved 1179648K
  class space    used 9909K, committed 10688K, reserved 1048576K
}
Event: 5585.202 GC heap before
{Heap before GC invocations=2315 (full 6):
 PSYoungGen      total 4096K, used 3909K [0x00000000d5580000, 0x00000000d6080000, 0x0000000100000000)
  eden space 2560K, 93% used [0x00000000d5580000,0x00000000d57d6040,0x00000000d5800000)
  from space 1536K, 98% used [0x00000000d5800000,0x00000000d597b400,0x00000000d5980000)
  to   space 4096K, 0% used [0x00000000d5c80000,0x00000000d5c80000,0x00000000d6080000)
 ParOldGen       total 1398272K, used 1397867K [0x0000000080000000, 0x00000000d5580000, 0x00000000d5580000)
  object space 1398272K, 99% used [0x0000000080000000,0x00000000d551acf0,0x00000000d5580000)
 Metaspace       used 98035K, committed 99712K, reserved 1179648K
  class space    used 9909K, committed 10688K, reserved 1048576K
}

